Base path: /Applications/Unity/Unity.app/Contents
Pipe name: \\.\pipe\UnityShaderCompiler-4--1333014528
Cmd: getPlatforms
Cmd: compileSnippet
  api=9 type=0 insize=1118 outsize=1047 kw=LIGHTMAP_OFF ok=1
Cmd: compileSnippet
  api=9 type=1 insize=1118 outsize=7 kw=LIGHTMAP_ON ok=1
Cmd: compileSnippet
  api=9 type=0 insize=1984 outsize=3612 kw=LIGHTMAP_OFF ok=1
Cmd: compileSnippet
  api=9 type=1 insize=1984 outsize=7 kw=LIGHTMAP_OFF ok=1
Cmd: compileSnippet
  api=9 type=0 insize=1189 outsize=1558 kw= ok=1
Cmd: compileSnippet
  api=9 type=0 insize=1053 outsize=1063 kw= ok=1
Cmd: compileSnippet
  api=9 type=1 insize=2756 outsize=7 kw= ok=1
Cmd: compileSnippet
  api=9 type=0 insize=2001 outsize=4722 kw= ok=1
Cmd: compileSnippet
  api=9 type=1 insize=1528 outsize=7 kw= ok=1
Cmd: compileSnippet
  api=9 type=0 insize=2152 outsize=4154 kw=LIGHTMAP_ON ok=1
Cmd: compileSnippet
  api=5 type=1 insize=2152 outsize=6 kw=LIGHTMAP_ON ok=1
Cmd: compileSnippet
  api=5 type=0 insize=1541 outsize=1162 kw=LIGHTMAP_ON ok=1
Cmd: compileSnippet
  api=9 type=1 insize=1541 outsize=7 kw=LIGHTMAP_ON ok=1
Cmd: compileSnippet
  api=9 type=0 insize=1445 outsize=1816 kw= ok=1
Cmd: compileSnippet
  api=9 type=1 insize=2697 outsize=7 kw= ok=1
Cmd: compileSnippet
  api=9 type=0 insize=795 outsize=731 kw= ok=1
Cmd: compileSnippet
  api=9 type=1 insize=864 outsize=7 kw= ok=1
Cmd: compileSnippet
  api=9 type=0 insize=1960 outsize=3192 kw=LIGHTMAP_ON ok=1
Cmd: compileSnippet
  api=9 type=1 insize=1960 outsize=7 kw=LIGHTMAP_ON ok=1
Cmd: compileSnippet
  api=9 type=0 insize=1972 outsize=2713 kw=LIGHTMAP_ON ok=1
Cmd: compileSnippet
  api=5 type=1 insize=1972 outsize=6 kw=LIGHTMAP_ON ok=1
Cmd: compileSnippet
  api=9 type=0 insize=1099 outsize=1118 kw= ok=1
Cmd: compileSnippet
  api=9 type=1 insize=1846 outsize=7 kw= ok=1
Cmd: compileSnippet
  api=9 type=0 insize=1551 outsize=1711 kw=LIGHTMAP_ON ok=1
Cmd: compileSnippet
  api=9 type=1 insize=1551 outsize=7 kw=LIGHTMAP_ON ok=1
Cmd: compileSnippet
  api=9 type=1 insize=788 outsize=7 kw= ok=1
Cmd: compileSnippet
  api=9 type=0 insize=824 outsize=768 kw= ok=1
Cmd: compileSnippet
  api=9 type=1 insize=1042 outsize=7 kw= ok=1
Cmd: compileSnippet
  api=9 type=0 insize=973 outsize=622 kw= ok=1
Cmd: compileSnippet
  api=9 type=1 insize=998 outsize=7 kw= ok=1
Cmd: compileSnippet
  api=9 type=0 insize=761 outsize=686 kw= ok=1
Cmd: compileSnippet
  api=5 type=0 insize=2053 outsize=3954 kw=LIGHTMAP_ON ok=1
Cmd: compileSnippet
  api=9 type=1 insize=2053 outsize=7 kw=LIGHTMAP_OFF ok=1
Cmd: compileSnippet
  api=9 type=1 insize=1475 outsize=7 kw= ok=1
Cmd: compileSnippet
  api=9 type=0 insize=3295 outsize=1808 kw= ok=1
Cmd: compileSnippet
  api=9 type=1 insize=3308 outsize=7 kw= ok=1
Cmd: compileSnippet
  api=9 type=1 insize=5385 outsize=7 kw= ok=1
Cmd: compileSnippet
  api=9 type=0 insize=5384 outsize=1655 kw= ok=1
Cmd: compileSnippet
  api=9 type=1 insize=5386 outsize=7 kw= ok=1
Cmd: compileSnippet
  api=9 type=1 insize=5393 outsize=7 kw= ok=1
Cmd: compileSnippet
  api=9 type=0 insize=3981 outsize=590 kw= ok=1
Cmd: compileSnippet
  api=9 type=1 insize=3997 outsize=7 kw= ok=1
Cmd: compileSnippet
  api=9 type=1 insize=3994 outsize=7 kw= ok=1
