Base path: /Applications/Unity/Unity.app/Contents
Pipe name: \\.\pipe\UnityShaderCompiler-3--1334079488
Cmd: getPlatforms
Cmd: compileSnippet
  api=9 type=1 insize=810 outsize=7 kw= ok=1
Cmd: compileSnippet
  api=9 type=0 insize=1118 outsize=1159 kw=LIGHTMAP_ON ok=1
Cmd: compileSnippet
  api=5 type=1 insize=1118 outsize=6 kw=LIGHTMAP_ON ok=1
Cmd: compileSnippet
  api=9 type=1 insize=749 outsize=7 kw= ok=1
Cmd: compileSnippet
  api=5 type=0 insize=1984 outsize=3839 kw=LIGHTMAP_ON ok=1
Cmd: compileSnippet
  api=9 type=1 insize=1984 outsize=7 kw=LIGHTMAP_ON ok=1
Cmd: compileSnippet
  api=9 type=1 insize=1189 outsize=7 kw= ok=1
Cmd: compileSnippet
  api=9 type=0 insize=2756 outsize=5754 kw= ok=1
Cmd: compileSnippet
  api=9 type=1 insize=2408 outsize=7 kw= ok=1
Cmd: compileSnippet
  api=9 type=0 insize=1528 outsize=1827 kw= ok=1
Cmd: compileSnippet
  api=5 type=0 insize=2152 outsize=4134 kw=LIGHTMAP_ON ok=1
Cmd: compileSnippet
  api=9 type=1 insize=2152 outsize=7 kw=LIGHTMAP_ON ok=1
Cmd: compileSnippet
  api=9 type=0 insize=1541 outsize=1172 kw=LIGHTMAP_ON ok=1
Cmd: compileSnippet
  api=5 type=1 insize=1541 outsize=6 kw=LIGHTMAP_ON ok=1
Cmd: compileSnippet
  api=9 type=1 insize=715 outsize=7 kw= ok=1
Cmd: compileSnippet
  api=9 type=1 insize=1106 outsize=7 kw= ok=1
Cmd: compileSnippet
  api=9 type=0 insize=2697 outsize=5611 kw= ok=1
Cmd: compileSnippet
  api=9 type=1 insize=2323 outsize=7 kw= ok=1
Cmd: compileSnippet
  api=9 type=1 insize=795 outsize=7 kw= ok=1
Cmd: compileSnippet
  api=9 type=0 insize=1960 outsize=2691 kw=LIGHTMAP_OFF ok=1
Cmd: compileSnippet
  api=9 type=1 insize=1960 outsize=7 kw=LIGHTMAP_OFF ok=1
Cmd: compileSnippet
  api=5 type=0 insize=1972 outsize=2729 kw=LIGHTMAP_ON ok=1
Cmd: compileSnippet
  api=9 type=1 insize=1972 outsize=7 kw=LIGHTMAP_ON ok=1
Cmd: compileSnippet
  api=9 type=0 insize=1846 outsize=4055 kw= ok=1
Cmd: compileSnippet
  api=9 type=0 insize=1551 outsize=1522 kw=LIGHTMAP_OFF ok=1
Cmd: compileSnippet
  api=5 type=1 insize=1551 outsize=6 kw=LIGHTMAP_ON ok=1
Cmd: compileSnippet
  api=9 type=1 insize=824 outsize=7 kw= ok=1
Cmd: compileSnippet
  api=9 type=0 insize=1031 outsize=739 kw= ok=1
Cmd: compileSnippet
  api=5 type=1 insize=973 outsize=6 kw= ok=1
Cmd: compileSnippet
  api=9 type=0 insize=914 outsize=924 kw= ok=1
Cmd: compileSnippet
  api=9 type=1 insize=761 outsize=7 kw= ok=1
Cmd: compileSnippet
  api=9 type=0 insize=2053 outsize=3983 kw=LIGHTMAP_ON ok=1
Cmd: compileSnippet
  api=9 type=1 insize=2053 outsize=7 kw=LIGHTMAP_ON ok=1
Cmd: compileSnippet
  api=9 type=0 insize=3284 outsize=2337 kw= ok=1
Cmd: compileSnippet
  api=9 type=1 insize=3295 outsize=7 kw= ok=1
Cmd: compileSnippet
  api=9 type=0 insize=5385 outsize=886 kw= ok=1
Cmd: compileSnippet
  api=9 type=0 insize=5385 outsize=1497 kw= ok=1
Cmd: compileSnippet
  api=9 type=1 insize=5385 outsize=7 kw= ok=1
Cmd: compileSnippet
  api=9 type=0 insize=5386 outsize=1114 kw= ok=1
Cmd: compileSnippet
  api=9 type=0 insize=5393 outsize=1824 kw= ok=1
Cmd: compileSnippet
  api=9 type=1 insize=5383 outsize=7 kw= ok=1
Cmd: compileSnippet
  api=9 type=0 insize=3978 outsize=1418 kw= ok=1
Cmd: compileSnippet
  api=9 type=1 insize=3978 outsize=7 kw= ok=1
Cmd: compileSnippet
  api=9 type=0 insize=3997 outsize=1205 kw= ok=1
Cmd: compileSnippet
  api=9 type=0 insize=3994 outsize=1031 kw= ok=1
Cmd: compileSnippet
  api=9 type=0 insize=3986 outsize=1448 kw= ok=1
