Base path: /Applications/Unity/Unity.app/Contents
Pipe name: \\.\pipe\UnityShaderCompiler-1--1607212588
Cmd: getPlatforms
Cmd: compileSnippet
  api=5 type=0 insize=810 outsize=808 kw= ok=1
Cmd: compileSnippet
  api=5 type=1 insize=810 outsize=6 kw= ok=1
Cmd: compileSnippet
  api=5 type=0 insize=1118 outsize=1030 kw=LIGHTMAP_OFF ok=1
Cmd: compileSnippet
  api=5 type=1 insize=1118 outsize=6 kw=LIGHTMAP_OFF ok=1
Cmd: compileSnippet
  api=5 type=0 insize=749 outsize=631 kw= ok=1
Cmd: compileSnippet
  api=5 type=1 insize=749 outsize=6 kw= ok=1
Cmd: compileSnippet
  api=5 type=0 insize=1984 outsize=3574 kw=LIGHTMAP_OFF ok=1
Cmd: compileSnippet
  api=5 type=1 insize=1984 outsize=6 kw=LIGHTMAP_OFF ok=1
Cmd: compileSnippet
  api=5 type=0 insize=1189 outsize=1543 kw= ok=1
Cmd: compileSnippet
  api=5 type=1 insize=1189 outsize=6 kw= ok=1
Cmd: compileSnippet
  api=5 type=0 insize=1053 outsize=1046 kw= ok=1
Cmd: compileSnippet
  api=5 type=1 insize=1053 outsize=6 kw= ok=1
Cmd: compileSnippet
  api=5 type=0 insize=2756 outsize=5725 kw= ok=1
Cmd: compileSnippet
  api=5 type=1 insize=2756 outsize=6 kw= ok=1
Cmd: compileSnippet
  api=5 type=0 insize=2408 outsize=3665 kw= ok=1
Cmd: compileSnippet
  api=5 type=1 insize=2408 outsize=6 kw= ok=1
Cmd: compileSnippet
  api=5 type=0 insize=2001 outsize=4713 kw= ok=1
Cmd: compileSnippet
  api=5 type=1 insize=2001 outsize=6 kw= ok=1
Cmd: compileSnippet
  api=5 type=0 insize=1528 outsize=1828 kw= ok=1
Cmd: compileSnippet
  api=5 type=1 insize=1528 outsize=6 kw= ok=1
Cmd: compileSnippet
  api=5 type=0 insize=2152 outsize=3682 kw=LIGHTMAP_OFF ok=1
Cmd: compileSnippet
  api=5 type=1 insize=2152 outsize=6 kw=LIGHTMAP_OFF ok=1
Cmd: compileSnippet
  api=5 type=0 insize=1541 outsize=741 kw=LIGHTMAP_OFF ok=1
Cmd: compileSnippet
  api=5 type=1 insize=1541 outsize=6 kw=LIGHTMAP_OFF ok=1
Cmd: compileSnippet
  api=5 type=0 insize=715 outsize=586 kw= ok=1
Cmd: compileSnippet
  api=5 type=1 insize=715 outsize=6 kw= ok=1
Cmd: compileSnippet
  api=5 type=0 insize=1106 outsize=1118 kw= ok=1
Cmd: compileSnippet
  api=5 type=1 insize=1106 outsize=6 kw= ok=1
Cmd: compileSnippet
  api=5 type=0 insize=1445 outsize=1797 kw= ok=1
Cmd: compileSnippet
  api=5 type=1 insize=1445 outsize=6 kw= ok=1
Cmd: compileSnippet
  api=5 type=0 insize=2697 outsize=5582 kw= ok=1
Cmd: compileSnippet
  api=5 type=1 insize=2697 outsize=6 kw= ok=1
Cmd: compileSnippet
  api=5 type=0 insize=2323 outsize=1993 kw= ok=1
Cmd: compileSnippet
  api=5 type=1 insize=2323 outsize=6 kw= ok=1
Cmd: compileSnippet
  api=5 type=0 insize=795 outsize=703 kw= ok=1
Cmd: compileSnippet
  api=5 type=1 insize=795 outsize=6 kw= ok=1
Cmd: compileSnippet
  api=5 type=0 insize=864 outsize=828 kw= ok=1
Cmd: compileSnippet
  api=5 type=1 insize=864 outsize=6 kw= ok=1
Cmd: compileSnippet
  api=5 type=0 insize=1960 outsize=2698 kw=LIGHTMAP_OFF ok=1
Cmd: compileSnippet
  api=5 type=1 insize=1960 outsize=6 kw=LIGHTMAP_OFF ok=1
Cmd: compileSnippet
  api=5 type=0 insize=1972 outsize=2214 kw=LIGHTMAP_OFF ok=1
Cmd: compileSnippet
  api=5 type=1 insize=1972 outsize=6 kw=LIGHTMAP_OFF ok=1
Cmd: compileSnippet
  api=5 type=0 insize=1099 outsize=1106 kw= ok=1
Cmd: compileSnippet
  api=5 type=1 insize=1099 outsize=6 kw= ok=1
Cmd: compileSnippet
  api=5 type=0 insize=1846 outsize=4035 kw= ok=1
Cmd: compileSnippet
  api=5 type=1 insize=1846 outsize=6 kw= ok=1
Cmd: compileSnippet
  api=5 type=0 insize=1551 outsize=1516 kw=LIGHTMAP_OFF ok=1
Cmd: compileSnippet
  api=5 type=1 insize=1551 outsize=6 kw=LIGHTMAP_OFF ok=1
Cmd: compileSnippet
  api=5 type=0 insize=788 outsize=781 kw= ok=1
Cmd: compileSnippet
  api=5 type=1 insize=788 outsize=6 kw= ok=1
Cmd: compileSnippet
  api=5 type=0 insize=824 outsize=756 kw= ok=1
Cmd: compileSnippet
  api=5 type=1 insize=824 outsize=6 kw= ok=1
Cmd: compileSnippet
  api=5 type=0 insize=1042 outsize=774 kw= ok=1
Cmd: compileSnippet
  api=5 type=1 insize=1042 outsize=6 kw= ok=1
Cmd: compileSnippet
  api=5 type=0 insize=1031 outsize=711 kw= ok=1
Cmd: compileSnippet
  api=5 type=1 insize=1031 outsize=6 kw= ok=1
Cmd: compileSnippet
  api=5 type=0 insize=973 outsize=594 kw= ok=1
Cmd: compileSnippet
  api=9 type=1 insize=973 outsize=7 kw= ok=1
Cmd: compileSnippet
  api=5 type=0 insize=998 outsize=666 kw= ok=1
Cmd: compileSnippet
  api=5 type=1 insize=998 outsize=6 kw= ok=1
Cmd: compileSnippet
  api=5 type=0 insize=914 outsize=898 kw= ok=1
Cmd: compileSnippet
  api=5 type=1 insize=914 outsize=6 kw= ok=1
Cmd: compileSnippet
  api=5 type=0 insize=761 outsize=658 kw= ok=1
Cmd: compileSnippet
  api=5 type=1 insize=761 outsize=6 kw= ok=1
Cmd: compileSnippet
  api=5 type=0 insize=2053 outsize=3690 kw=LIGHTMAP_OFF ok=1
Cmd: compileSnippet
  api=5 type=1 insize=2053 outsize=6 kw=LIGHTMAP_OFF ok=1
Cmd: compileSnippet
  api=5 type=0 insize=1475 outsize=1037 kw= ok=1
Cmd: compileSnippet
  api=5 type=1 insize=1475 outsize=6 kw= ok=1
Cmd: compileSnippet
  api=5 type=0 insize=3284 outsize=2339 kw= ok=1
Cmd: compileSnippet
  api=5 type=1 insize=3284 outsize=6 kw= ok=1
Cmd: compileSnippet
  api=5 type=0 insize=3295 outsize=1810 kw= ok=1
Cmd: compileSnippet
  api=5 type=1 insize=3295 outsize=6 kw= ok=1
Cmd: compileSnippet
  api=5 type=0 insize=3308 outsize=999 kw= ok=1
Cmd: compileSnippet
  api=5 type=1 insize=3308 outsize=6 kw= ok=1
Cmd: compileSnippet
  api=5 type=0 insize=5385 outsize=860 kw= ok=1
Cmd: compileSnippet
  api=5 type=1 insize=5385 outsize=6 kw= ok=1
Cmd: compileSnippet
  api=5 type=0 insize=5385 outsize=1471 kw= ok=1
Cmd: compileSnippet
  api=5 type=1 insize=5385 outsize=6 kw= ok=1
Cmd: compileSnippet
  api=5 type=0 insize=5385 outsize=1372 kw= ok=1
Cmd: compileSnippet
  api=5 type=1 insize=5385 outsize=6 kw= ok=1
Cmd: compileSnippet
  api=5 type=0 insize=5384 outsize=1636 kw= ok=1
Cmd: compileSnippet
  api=5 type=1 insize=5384 outsize=6 kw= ok=1
Cmd: compileSnippet
  api=5 type=0 insize=5386 outsize=1088 kw= ok=1
Cmd: compileSnippet
  api=5 type=1 insize=5386 outsize=6 kw= ok=1
Cmd: compileSnippet
  api=5 type=0 insize=5393 outsize=1807 kw= ok=1
Cmd: compileSnippet
  api=5 type=1 insize=5393 outsize=6 kw= ok=1
Cmd: compileSnippet
  api=5 type=0 insize=5383 outsize=1679 kw= ok=1
Cmd: compileSnippet
  api=5 type=1 insize=5383 outsize=6 kw= ok=1
Cmd: compileSnippet
  api=5 type=0 insize=3981 outsize=564 kw= ok=1
Cmd: compileSnippet
  api=5 type=1 insize=3981 outsize=6 kw= ok=1
Cmd: compileSnippet
  api=5 type=0 insize=3978 outsize=1434 kw= ok=1
Cmd: compileSnippet
  api=5 type=1 insize=3978 outsize=6 kw= ok=1
Cmd: compileSnippet
  api=5 type=0 insize=3997 outsize=1210 kw= ok=1
Cmd: compileSnippet
  api=5 type=1 insize=3997 outsize=6 kw= ok=1
Cmd: compileSnippet
  api=5 type=0 insize=3999 outsize=1210 kw= ok=1
Cmd: compileSnippet
  api=5 type=1 insize=3999 outsize=6 kw= ok=1
Cmd: compileSnippet
  api=5 type=0 insize=3994 outsize=1005 kw= ok=1
Cmd: compileSnippet
  api=5 type=1 insize=3994 outsize=6 kw= ok=1
Cmd: compileSnippet
  api=5 type=0 insize=3986 outsize=1464 kw= ok=1
Cmd: compileSnippet
  api=5 type=1 insize=3986 outsize=6 kw= ok=1
